\BOOKMARK [0][-]{chapter.1}{\376\377\000O\000v\000e\000r\000v\000i\000e\000w}{}% 1
\BOOKMARK [0][-]{chapter.2}{\376\377\000I\000n\000t\000r\000o\000d\000u\000c\000t\000i\000o\000n}{}% 2
\BOOKMARK [1][-]{section.2.1}{\376\377\000E\000a\000r\000t\000h\000'\000s\000\040\000C\000o\000r\000e\000\040\000a\000n\000d\000\040\000o\000t\000h\000e\000r\000\040\000P\000l\000a\000n\000e\000t\000a\000r\000y\000\040\000I\000n\000t\000e\000r\000i\000o\000r\000s}{chapter.2}% 3
\BOOKMARK [2][-]{subsection.2.1.1}{\376\377\000T\000h\000e\000\040\000c\000o\000r\000e}{section.2.1}% 4
\BOOKMARK [2][-]{subsection.2.1.2}{\376\377\000T\000o\000p\000o\000g\000r\000a\000p\000h\000y\000\040\000a\000t\000\040\000t\000h\000e\000\040\000c\000o\000r\000e\000\040\000m\000a\000n\000t\000l\000e\000\040\000b\000o\000u\000n\000d\000a\000r\000y}{section.2.1}% 5
\BOOKMARK [2][-]{subsection.2.1.3}{\376\377\000B\000e\000y\000o\000n\000d\000\040\000t\000h\000e\000\040\000c\000o\000r\000e}{section.2.1}% 6
\BOOKMARK [1][-]{section.2.2}{\376\377\000M\000o\000d\000e\000l\000i\000n\000g\000\040\000g\000e\000o\000p\000h\000y\000s\000i\000c\000a\000l\000\040\000f\000l\000u\000i\000d\000\040\000s\000y\000s\000t\000e\000m\000s}{chapter.2}% 7
\BOOKMARK [2][-]{subsection.2.2.1}{\376\377\000G\000e\000o\000s\000t\000r\000o\000p\000h\000y\000\040\000a\000n\000d\000\040\000R\000o\000t\000a\000t\000i\000o\000n}{section.2.2}% 8
\BOOKMARK [2][-]{subsection.2.2.2}{\376\377\000T\000h\000e\000\040\000r\000o\000t\000a\000t\000i\000n\000g\000\040\000R\000a\000y\000l\000e\000i\000g\000h\000-\000B\000\350\000n\000a\000r\000d\000\040\000p\000r\000o\000b\000l\000e\000m}{section.2.2}% 9
\BOOKMARK [2][-]{subsection.2.2.3}{\376\377\000C\000o\000n\000v\000e\000c\000t\000i\000o\000n\000\040\000i\000n\000\040\000s\000p\000h\000e\000r\000i\000c\000a\000l\000\040\000g\000e\000o\000m\000e\000t\000r\000i\000e\000s}{section.2.2}% 10
\BOOKMARK [1][-]{section.2.3}{\376\377\000C\000o\000n\000s\000e\000q\000u\000e\000n\000c\000e\000s\000\040\000o\000f\000\040\000R\000o\000t\000a\000t\000i\000o\000n\000\040\000a\000n\000d\000\040\000G\000e\000o\000s\000t\000r\000o\000p\000h\000y}{chapter.2}% 11
\BOOKMARK [2][-]{subsection.2.3.1}{\376\377\000T\000h\000e\000\040\000i\000n\000v\000e\000r\000s\000e\000\040\000c\000a\000s\000c\000a\000d\000e\000\040\000a\000n\000d\000\040\000l\000a\000r\000g\000e\000\040\000s\000c\000a\000l\000e\000\040\000v\000o\000r\000t\000i\000c\000e\000s}{section.2.3}% 12
\BOOKMARK [2][-]{subsection.2.3.2}{\376\377\000G\000e\000o\000s\000t\000r\000o\000p\000h\000i\000c\000\040\000C\000o\000n\000t\000o\000u\000r\000s}{section.2.3}% 13
\BOOKMARK [0][-]{chapter.3}{\376\377\000S\000m\000a\000l\000l\000\040\000s\000c\000a\000l\000e\000\040\000q\000u\000a\000s\000i\000-\000g\000e\000o\000s\000t\000r\000o\000p\000h\000i\000c\000\040\000c\000o\000n\000v\000e\000c\000t\000i\000v\000e\000\040\000t\000u\000r\000b\000u\000l\000e\000n\000c\000e\000\040\000a\000t\000\040\000l\000a\000r\000g\000e\000\040\000R\000a\000y\000l\000e\000i\000g\000h\000\040\000n\000u\000m\000b\000e\000r}{}% 14
\BOOKMARK [1][-]{section.3.1}{\376\377\000I\000n\000t\000r\000o\000d\000u\000c\000t\000i\000o\000n}{chapter.3}% 15
\BOOKMARK [1][-]{section.3.2}{\376\377\000M\000e\000t\000h\000o\000d\000s}{chapter.3}% 16
\BOOKMARK [2][-]{subsection.3.2.1}{\376\377\000G\000o\000v\000e\000r\000n\000i\000n\000g\000\040\000e\000q\000u\000a\000t\000i\000o\000n\000s}{section.3.2}% 17
\BOOKMARK [2][-]{subsection.3.2.2}{\376\377\000D\000i\000a\000g\000n\000o\000s\000t\000i\000c\000\040\000q\000u\000a\000n\000t\000i\000t\000i\000e\000s}{section.3.2}% 18
\BOOKMARK [1][-]{section.3.3}{\376\377\000R\000e\000s\000u\000l\000t\000s}{chapter.3}% 19
\BOOKMARK [2][-]{subsection.3.3.1}{\376\377\000I\000n\000f\000l\000u\000e\000n\000c\000e\000\040\000o\000f\000\040\000s\000i\000m\000u\000l\000a\000t\000i\000o\000n\000\040\000d\000o\000m\000a\000i\000n\000\040\000s\000i\000z\000e}{section.3.3}% 20
\BOOKMARK [2][-]{subsection.3.3.2}{\376\377\000H\000e\000a\000t\000\040\000a\000n\000d\000\040\000m\000o\000m\000e\000n\000t\000u\000m\000\040\000t\000r\000a\000n\000s\000p\000o\000r\000t}{section.3.3}% 21
\BOOKMARK [2][-]{subsection.3.3.3}{\376\377\000L\000e\000n\000g\000t\000h\000\040\000s\000c\000a\000l\000e\000s\000\040\000a\000n\000d\000\040\000f\000l\000o\000w\000\040\000s\000t\000r\000u\000c\000t\000u\000r\000e}{section.3.3}% 22
\BOOKMARK [2][-]{subsection.3.3.4}{\376\377\000B\000a\000l\000a\000n\000c\000e\000s}{section.3.3}% 23
\BOOKMARK [1][-]{section.3.4}{\376\377\000D\000i\000s\000c\000u\000s\000s\000i\000o\000n\000\040\000a\000n\000d\000\040\000C\000o\000n\000c\000l\000u\000s\000i\000o\000n\000s}{chapter.3}% 24
\BOOKMARK [0][-]{chapter.4}{\376\377\000T\000u\000r\000b\000u\000l\000e\000n\000c\000e\000\040\000i\000n\000\040\000E\000a\000r\000t\000h\000'\000s\000\040\000c\000o\000r\000e\000\040\000g\000e\000n\000e\000r\000a\000t\000e\000s\000\040\000l\000a\000r\000g\000e\000\040\000t\000o\000p\000o\000g\000r\000a\000p\000h\000i\000c\000\040\000t\000o\000r\000q\000u\000e\000s\000\040\000o\000n\000\040\000t\000h\000e\000\040\000m\000a\000n\000t\000l\000e}{}% 25
\BOOKMARK [1][-]{section.4.1}{\376\377\000I\000n\000t\000r\000o\000d\000u\000c\000t\000i\000o\000n}{chapter.4}% 26
\BOOKMARK [1][-]{section.4.2}{\376\377\000R\000e\000s\000u\000l\000t\000s}{chapter.4}% 27
\BOOKMARK [1][-]{section.4.3}{\376\377\000D\000i\000s\000c\000u\000s\000s\000i\000o\000n}{chapter.4}% 28
\BOOKMARK [1][-]{section.4.4}{\376\377\000M\000e\000t\000h\000o\000d\000s}{chapter.4}% 29
\BOOKMARK [2][-]{subsection.4.4.1}{\376\377\000G\000o\000v\000e\000r\000n\000i\000n\000g\000\040\000E\000q\000u\000a\000t\000i\000o\000n\000s}{section.4.4}% 30
\BOOKMARK [2][-]{subsection.4.4.2}{\376\377\000M\000o\000d\000e\000l\000\040\000S\000e\000t\000u\000p\000\040\000a\000n\000d\000\040\000N\000u\000m\000e\000r\000i\000c\000a\000l\000\040\000D\000e\000t\000a\000i\000l\000s}{section.4.4}% 31
\BOOKMARK [2][-]{subsection.4.4.3}{\376\377\000C\000h\000o\000i\000c\000e\000\040\000o\000f\000\040\000p\000a\000r\000a\000m\000e\000t\000e\000r\000\040\000v\000a\000l\000u\000e\000s}{section.4.4}% 32
\BOOKMARK [2][-]{subsection.4.4.4}{\376\377\000A\000s\000y\000m\000p\000t\000o\000t\000i\000c\000\040\000S\000c\000a\000l\000i\000n\000g\000s\000\040\000f\000o\000r\000\040\000T\000o\000p\000o\000g\000r\000a\000p\000h\000i\000c\000\040\000T\000o\000r\000q\000u\000e\000s\000\040}{section.4.4}% 33
\BOOKMARK [2][-]{subsection.4.4.5}{\376\377\000R\000e\000l\000a\000t\000i\000n\000g\000\040\000t\000"\0000\0003\0006\0005\000t\000\040\000t\000o\000\040\000l\000e\000n\000g\000t\000h\000\040\000o\000f\000\040\000d\000a\000y}{section.4.4}% 34
\BOOKMARK [1][-]{section.4.5}{\376\377\000E\000x\000t\000e\000n\000d\000e\000d\000\040\000D\000a\000t\000a}{chapter.4}% 35
\BOOKMARK [0][-]{chapter.5}{\376\377\000D\000y\000n\000a\000m\000i\000c\000a\000l\000\040\000e\000f\000f\000e\000c\000t\000s\000\040\000o\000f\000\040\000c\000o\000r\000e\000\040\000m\000a\000n\000t\000l\000e\000\040\000b\000o\000u\000n\000d\000a\000r\000y\000\040\000t\000o\000p\000o\000g\000r\000a\000p\000h\000y\000\040\000i\000n\000\040\000t\000h\000e\000\040\000E\000a\000r\000t\000h\000'\000s\000\040\000c\000o\000r\000e}{}% 36
\BOOKMARK [1][-]{section.5.1}{\376\377\000I\000n\000t\000r\000o\000d\000u\000c\000t\000i\000o\000n}{chapter.5}% 37
\BOOKMARK [1][-]{section.5.2}{\376\377\000M\000e\000t\000h\000o\000d\000s}{chapter.5}% 38
\BOOKMARK [2][-]{subsection.5.2.1}{\376\377\000G\000o\000v\000e\000r\000n\000i\000n\000g\000\040\000e\000q\000u\000a\000t\000i\000o\000n\000s}{section.5.2}% 39
\BOOKMARK [2][-]{subsection.5.2.2}{\376\377\000N\000u\000m\000e\000r\000i\000c\000a\000l\000\040\000M\000e\000t\000h\000o\000d\000s}{section.5.2}% 40
\BOOKMARK [2][-]{subsection.5.2.3}{\376\377\000T\000o\000p\000o\000g\000r\000a\000p\000h\000y}{section.5.2}% 41
\BOOKMARK [2][-]{subsection.5.2.4}{\376\377\000T\000h\000e\000\040\000g\000e\000o\000s\000t\000r\000o\000p\000h\000i\000c\000\040\000h\000e\000i\000g\000h\000t\000\040\000f\000u\000n\000c\000t\000i\000o\000n}{section.5.2}% 42
\BOOKMARK [2][-]{subsection.5.2.5}{\376\377\000O\000u\000t\000p\000u\000t\000/\000d\000e\000f\000i\000n\000i\000t\000i\000o\000n\000s}{section.5.2}% 43
\BOOKMARK [1][-]{section.5.3}{\376\377\000R\000e\000s\000u\000l\000t\000s}{chapter.5}% 44
\BOOKMARK [2][-]{subsection.5.3.1}{\376\377\000S\000u\000b\000c\000r\000i\000t\000i\000c\000a\000l\000\040\000f\000l\000o\000w\000s\000:\000\040\000c\000o\000m\000p\000a\000r\000i\000s\000o\000n\000\040\000w\000i\000t\000h\000\040\000B\000e\000l\000l\000\040\000\046\000\040\000S\000o\000w\000a\000r\000d\000\040\000t\000h\000e\000o\000r\000y}{section.5.3}% 45
\BOOKMARK [2][-]{subsection.5.3.2}{\376\377\000F\000l\000o\000w\000\040\000s\000t\000r\000u\000c\000t\000u\000r\000e\000\040\000i\000n\000\040\000t\000h\000e\000\040\000t\000u\000r\000b\000u\000l\000e\000n\000t\000\040\000r\000e\000g\000i\000m\000e}{section.5.3}% 46
\BOOKMARK [2][-]{subsection.5.3.3}{\376\377\000G\000l\000o\000b\000a\000l\000\040\000t\000r\000a\000n\000s\000p\000o\000r\000t\000\040\000q\000u\000a\000n\000t\000i\000t\000i\000e\000s}{section.5.3}% 47
\BOOKMARK [2][-]{subsection.5.3.4}{\376\377\000E\000n\000e\000r\000g\000y\000\040\000s\000p\000e\000c\000t\000r\000a\000\040\000a\000n\000d\000\040\000l\000e\000n\000g\000t\000h\000\040\000s\000c\000a\000l\000e\000s}{section.5.3}% 48
\BOOKMARK [2][-]{subsection.5.3.5}{\376\377\000T\000o\000p\000o\000g\000r\000a\000p\000h\000i\000c\000\040\000t\000o\000r\000q\000u\000e\000s}{section.5.3}% 49
\BOOKMARK [1][-]{section.5.4}{\376\377\000D\000i\000s\000c\000u\000s\000s\000i\000o\000n}{chapter.5}% 50
\BOOKMARK [-1][-]{chapter*.60}{\376\377\000\040\000B\000i\000b\000l\000i\000o\000g\000r\000a\000p\000h\000y}{}% 51
\BOOKMARK [0][-]{appendix.A}{\376\377\000G\000l\000o\000s\000s\000a\000r\000y\000\040\000o\000f\000\040\000n\000o\000n\000-\000d\000i\000m\000e\000n\000s\000i\000o\000n\000a\000l\000\040\000p\000a\000r\000a\000m\000e\000t\000e\000r\000s}{chapter*.60}% 52
\BOOKMARK [0][-]{appendix.B}{\376\377\000A\000p\000p\000e\000n\000d\000i\000c\000e\000s\000\040\000f\000o\000r\000\040\000C\000h\000a\000p\000t\000e\000r\000\040\0005}{chapter*.60}% 53
\BOOKMARK [1][-]{section.B.1}{\376\377\000D\000e\000f\000o\000r\000m\000a\000t\000i\000o\000n\000s\000\040\000t\000o\000\040\000t\000h\000e\000\040\000g\000e\000o\000s\000t\000r\000o\000p\000h\000i\000c\000\040\000c\000o\000n\000t\000o\000u\000r\000s}{appendix.B}% 54
\BOOKMARK [1][-]{section.B.2}{\376\377\000S\000t\000a\000b\000i\000l\000i\000t\000y\000\040\000c\000u\000r\000v\000e\000s}{appendix.B}% 55
\BOOKMARK [1][-]{section.B.3}{\376\377\000V\000i\000s\000c\000o\000u\000s\000\040\000t\000o\000r\000q\000u\000e\000s}{appendix.B}% 56
